  Bike1.cpp
  MPS.cpp
c:\program files (x86)\windows kits\8.1\include\um\sqltypes.h(151): error C4430: identificatore di tipo mancante, verrà utilizzato int. Nota: default-int non è più supportato in C++
c:\program files (x86)\windows kits\8.1\include\um\sqltypes.h(151): error C2146: errore di sintassi: ';' mancante prima dell'identificatore 'SQLHWND'
c:\program files (x86)\windows kits\8.1\include\um\sqltypes.h(289): error C3646: 'Data1': identificatore di override sconosciuto
c:\program files (x86)\windows kits\8.1\include\um\sqltypes.h(289): error C4430: identificatore di tipo mancante, verrà utilizzato int. Nota: default-int non è più supportato in C++
c:\program files (x86)\windows kits\8.1\include\um\sqltypes.h(290): error C3646: 'Data2': identificatore di override sconosciuto
c:\program files (x86)\windows kits\8.1\include\um\sqltypes.h(290): error C4430: identificatore di tipo mancante, verrà utilizzato int. Nota: default-int non è più supportato in C++
c:\program files (x86)\windows kits\8.1\include\um\sqltypes.h(291): error C3646: 'Data3': identificatore di override sconosciuto
c:\program files (x86)\windows kits\8.1\include\um\sqltypes.h(291): error C4430: identificatore di tipo mancante, verrà utilizzato int. Nota: default-int non è più supportato in C++
c:\program files (x86)\windows kits\8.1\include\um\sqltypes.h(292): error C3646: 'Data4': identificatore di override sconosciuto
c:\program files (x86)\windows kits\8.1\include\um\sqltypes.h(292): error C2143: errore di sintassi: ',' mancante prima di '['
c:\program files (x86)\windows kits\8.1\include\um\sqltypes.h(292): error C2143: errore di sintassi: ')' mancante prima di ';'
c:\program files (x86)\windows kits\8.1\include\um\sqltypes.h(292): error C2238: token imprevisti prima di ';'
c:\program files (x86)\windows kits\8.1\include\um\sqlext.h(1787): error C2061: errore di sintassi: identificatore 'SQLHWND'
c:\program files (x86)\windows kits\8.1\include\um\sqlext.h(2167): error C2065: 'LPWSTR': identificatore non dichiarato
c:\program files (x86)\windows kits\8.1\include\um\sqlext.h(2167): error C2146: errore di sintassi: ')' mancante prima dell'identificatore 'szFileName'
c:\program files (x86)\windows kits\8.1\include\um\sqlext.h(2173): error C2143: errore di sintassi: ';' mancante prima di '__stdcall'
c:\program files (x86)\windows kits\8.1\include\um\sqlext.h(2173): error C4430: identificatore di tipo mancante, verrà utilizzato int. Nota: default-int non è più supportato in C++
c:\program files (x86)\windows kits\8.1\include\um\sqlext.h(2174): error C2143: errore di sintassi: ';' mancante prima di '__stdcall'
c:\program files (x86)\windows kits\8.1\include\um\sqlext.h(2174): error C4430: identificatore di tipo mancante, verrà utilizzato int. Nota: default-int non è più supportato in C++
c:\program files (x86)\windows kits\8.1\include\um\sqlext.h(2182): warning C4229: utilizzato anacronismo: i modificatori di dati vengono ignorati
c:\program files (x86)\windows kits\8.1\include\um\sqlext.h(2192): error C2143: errore di sintassi: ';' mancante prima di '__stdcall'
c:\program files (x86)\windows kits\8.1\include\um\sqlext.h(2192): error C4430: identificatore di tipo mancante, verrà utilizzato int. Nota: default-int non è più supportato in C++
c:\program files (x86)\windows kits\8.1\include\um\sqlext.h(2192): error C2146: errore di sintassi: ')' mancante prima dell'identificatore 'dwValue'
c:\program files (x86)\windows kits\8.1\include\um\sqlext.h(2193): error C2143: errore di sintassi: ';' mancante prima di '__stdcall'
c:\program files (x86)\windows kits\8.1\include\um\sqlext.h(2193): error C4430: identificatore di tipo mancante, verrà utilizzato int. Nota: default-int non è più supportato in C++
c:\program files (x86)\windows kits\8.1\include\um\sqlext.h(2193): error C2086: 'int DWORD': ridefinizione
  c:\program files (x86)\windows kits\8.1\include\um\sqlext.h(2174): note: vedere la dichiarazione di 'DWORD'
c:\program files (x86)\windows kits\8.1\include\um\sqlext.h(2215): error C4430: identificatore di tipo mancante, verrà utilizzato int. Nota: default-int non è più supportato in C++
c:\program files (x86)\windows kits\8.1\include\um\sqlext.h(2215): error C2143: errore di sintassi: ';' mancante prima di '*'
c:\program files (x86)\windows kits\8.1\include\um\sqlext.h(2215): error C2238: token imprevisti prima di ';'
c:\program files (x86)\windows kits\8.1\include\um\sqlext.h(2216): error C3646: 'dwFlags': identificatore di override sconosciuto
c:\program files (x86)\windows kits\8.1\include\um\sqlext.h(2216): error C4430: identificatore di tipo mancante, verrà utilizzato int. Nota: default-int non è più supportato in C++
c:\program files (x86)\windows kits\8.1\include\um\sqlext.h(2218): error C2143: errore di sintassi: ';' mancante prima di '*'
c:\program files (x86)\windows kits\8.1\include\um\sqlext.h(2218): error C4430: identificatore di tipo mancante, verrà utilizzato int. Nota: default-int non è più supportato in C++
c:\program files (x86)\windows kits\8.1\include\um\sqlext.h(2218): error C2238: token imprevisti prima di ';'
c:\program files (x86)\windows kits\8.1\include\um\sqlext.h(2219): error C2143: errore di sintassi: ';' mancante prima di '*'
c:\program files (x86)\windows kits\8.1\include\um\sqlext.h(2219): error C4430: identificatore di tipo mancante, verrà utilizzato int. Nota: default-int non è più supportato in C++
c:\program files (x86)\windows kits\8.1\include\um\sqlext.h(2219): error C2238: token imprevisti prima di ';'
c:\program files (x86)\windows kits\8.1\include\um\sqlext.h(2222): error C2143: errore di sintassi: ';' mancante prima di '*'
c:\program files (x86)\windows kits\8.1\include\um\sqlext.h(2222): error C4430: identificatore di tipo mancante, verrà utilizzato int. Nota: default-int non è più supportato in C++
c:\program files (x86)\windows kits\8.1\include\um\sqlext.h(2222): error C2238: token imprevisti prima di ';'
c:\program files (x86)\windows kits\8.1\include\um\sqlext.h(2223): error C2143: errore di sintassi: ';' mancante prima di '*'
c:\program files (x86)\windows kits\8.1\include\um\sqlext.h(2223): error C4430: identificatore di tipo mancante, verrà utilizzato int. Nota: default-int non è più supportato in C++
c:\program files (x86)\windows kits\8.1\include\um\sqlext.h(2223): error C2238: token imprevisti prima di ';'
c:\program files (x86)\windows kits\8.1\include\um\sqlext.h(2228): error C2143: errore di sintassi: ';' mancante prima di '__stdcall'
c:\program files (x86)\windows kits\8.1\include\um\sqlext.h(2228): error C4430: identificatore di tipo mancante, verrà utilizzato int. Nota: default-int non è più supportato in C++
c:\program files (x86)\windows kits\8.1\include\um\sqlext.h(2228): error C2086: 'int VOID': ridefinizione
  c:\program files (x86)\windows kits\8.1\include\um\sqlext.h(2173): note: vedere la dichiarazione di 'VOID'
c:\program files (x86)\windows kits\8.1\include\um\sqlucode.h(336): error C2061: errore di sintassi: identificatore 'SQLHWND'
c:\program files (x86)\windows kits\8.1\include\um\sqlucode.h(761): error C2061: errore di sintassi: identificatore 'SQLHWND'
g:\desktop\università\1 anno - magistrale\transactional systems and data warehouse\sto-bocca-sacci\bike1\bike1\bike1\mps.cpp(48): warning C4302: 'cast di tipo': troncamento da 'const wchar_t *' a 'SQLWCHAR'
g:\desktop\università\1 anno - magistrale\transactional systems and data warehouse\sto-bocca-sacci\bike1\bike1\bike1\mps.cpp(82): warning C4302: 'cast di tipo': troncamento da 'const char *' a 'SQLWCHAR'
g:\desktop\università\1 anno - magistrale\transactional systems and data warehouse\sto-bocca-sacci\bike1\bike1\bike1\mps.cpp(103): warning C4302: 'cast di tipo': troncamento da 'const char *' a 'SQLWCHAR'
g:\desktop\università\1 anno - magistrale\transactional systems and data warehouse\sto-bocca-sacci\bike1\bike1\bike1\mps.cpp(85): error C4996: 'SQLBindParam': ODBC API: SQLBindParam is deprecated. Please use SQLBindParameter instead.
  c:\program files (x86)\windows kits\8.1\include\um\sql.h(625): note: vedere la dichiarazione di 'SQLBindParam'
g:\desktop\università\1 anno - magistrale\transactional systems and data warehouse\sto-bocca-sacci\bike1\bike1\bike1\mps.cpp(86): error C4996: 'SQLBindParam': ODBC API: SQLBindParam is deprecated. Please use SQLBindParameter instead.
  c:\program files (x86)\windows kits\8.1\include\um\sql.h(625): note: vedere la dichiarazione di 'SQLBindParam'
g:\desktop\università\1 anno - magistrale\transactional systems and data warehouse\sto-bocca-sacci\bike1\bike1\bike1\mps.cpp(87): error C4996: 'SQLBindParam': ODBC API: SQLBindParam is deprecated. Please use SQLBindParameter instead.
  c:\program files (x86)\windows kits\8.1\include\um\sql.h(625): note: vedere la dichiarazione di 'SQLBindParam'
g:\desktop\università\1 anno - magistrale\transactional systems and data warehouse\sto-bocca-sacci\bike1\bike1\bike1\mps.cpp(88): error C4996: 'SQLBindParam': ODBC API: SQLBindParam is deprecated. Please use SQLBindParameter instead.
  c:\program files (x86)\windows kits\8.1\include\um\sql.h(625): note: vedere la dichiarazione di 'SQLBindParam'
g:\desktop\università\1 anno - magistrale\transactional systems and data warehouse\sto-bocca-sacci\bike1\bike1\bike1\mps.cpp(89): error C4996: 'SQLBindParam': ODBC API: SQLBindParam is deprecated. Please use SQLBindParameter instead.
  c:\program files (x86)\windows kits\8.1\include\um\sql.h(625): note: vedere la dichiarazione di 'SQLBindParam'
g:\desktop\università\1 anno - magistrale\transactional systems and data warehouse\sto-bocca-sacci\bike1\bike1\bike1\mps.cpp(90): error C4996: 'SQLBindParam': ODBC API: SQLBindParam is deprecated. Please use SQLBindParameter instead.
  c:\program files (x86)\windows kits\8.1\include\um\sql.h(625): note: vedere la dichiarazione di 'SQLBindParam'
g:\desktop\università\1 anno - magistrale\transactional systems and data warehouse\sto-bocca-sacci\bike1\bike1\bike1\mps.cpp(91): error C4996: 'SQLBindParam': ODBC API: SQLBindParam is deprecated. Please use SQLBindParameter instead.
  c:\program files (x86)\windows kits\8.1\include\um\sql.h(625): note: vedere la dichiarazione di 'SQLBindParam'
g:\desktop\università\1 anno - magistrale\transactional systems and data warehouse\sto-bocca-sacci\bike1\bike1\bike1\mps.cpp(92): error C4996: 'SQLBindParam': ODBC API: SQLBindParam is deprecated. Please use SQLBindParameter instead.
  c:\program files (x86)\windows kits\8.1\include\um\sql.h(625): note: vedere la dichiarazione di 'SQLBindParam'
g:\desktop\università\1 anno - magistrale\transactional systems and data warehouse\sto-bocca-sacci\bike1\bike1\bike1\mps.cpp(93): error C4996: 'SQLBindParam': ODBC API: SQLBindParam is deprecated. Please use SQLBindParameter instead.
  c:\program files (x86)\windows kits\8.1\include\um\sql.h(625): note: vedere la dichiarazione di 'SQLBindParam'
  Generazione del codice in corso...
